0 info it worked if it ends with ok
1 verbose cli [ '/usr/bin/node', '/usr/bin/npm', 'install' ]
2 info using npm@1.4.28
3 info using node@v0.10.40
4 verbose node symlink /usr/bin/node
5 verbose readDependencies using package.json deps
6 verbose install where, deps [ '/home/goofyahead/github/KaprikaBackend',
6 verbose install   [ 'express',
6 verbose install     'mongodb',
6 verbose install     'cookie-parser',
6 verbose install     'static-favicon',
6 verbose install     'body-parser',
6 verbose install     'connect-multiparty',
6 verbose install     'underscore' ] ]
7 info preinstall ManagEat@0.0.1-2
8 verbose readDependencies using package.json deps
9 verbose cache add [ 'express@*', null ]
10 verbose cache add name=undefined spec="express@*" args=["express@*",null]
11 verbose parsed url { protocol: null,
11 verbose parsed url   slashes: null,
11 verbose parsed url   auth: null,
11 verbose parsed url   host: null,
11 verbose parsed url   port: null,
11 verbose parsed url   hostname: null,
11 verbose parsed url   hash: null,
11 verbose parsed url   search: null,
11 verbose parsed url   query: null,
11 verbose parsed url   pathname: 'express@*',
11 verbose parsed url   path: 'express@*',
11 verbose parsed url   href: 'express@*' }
12 verbose cache add [ 'mongodb@~2.0', null ]
13 verbose cache add name=undefined spec="mongodb@~2.0" args=["mongodb@~2.0",null]
14 verbose parsed url { protocol: null,
14 verbose parsed url   slashes: null,
14 verbose parsed url   auth: null,
14 verbose parsed url   host: null,
14 verbose parsed url   port: null,
14 verbose parsed url   hostname: null,
14 verbose parsed url   hash: null,
14 verbose parsed url   search: null,
14 verbose parsed url   query: null,
14 verbose parsed url   pathname: 'mongodb@~2.0',
14 verbose parsed url   path: 'mongodb@~2.0',
14 verbose parsed url   href: 'mongodb@~2.0' }
15 verbose cache add [ 'cookie-parser@~1.0.1', null ]
16 verbose cache add name=undefined spec="cookie-parser@~1.0.1" args=["cookie-parser@~1.0.1",null]
17 verbose parsed url { protocol: null,
17 verbose parsed url   slashes: null,
17 verbose parsed url   auth: null,
17 verbose parsed url   host: null,
17 verbose parsed url   port: null,
17 verbose parsed url   hostname: null,
17 verbose parsed url   hash: null,
17 verbose parsed url   search: null,
17 verbose parsed url   query: null,
17 verbose parsed url   pathname: 'cookie-parser@~1.0.1',
17 verbose parsed url   path: 'cookie-parser@~1.0.1',
17 verbose parsed url   href: 'cookie-parser@~1.0.1' }
18 verbose cache add name="express" spec="*" args=["express","*"]
19 verbose parsed url { protocol: null,
19 verbose parsed url   slashes: null,
19 verbose parsed url   auth: null,
19 verbose parsed url   host: null,
19 verbose parsed url   port: null,
19 verbose parsed url   hostname: null,
19 verbose parsed url   hash: null,
19 verbose parsed url   search: null,
19 verbose parsed url   query: null,
19 verbose parsed url   pathname: '*',
19 verbose parsed url   path: '*',
19 verbose parsed url   href: '*' }
20 verbose addNamed [ 'express', '*' ]
21 verbose addNamed [ null, '*' ]
22 verbose cache add name="mongodb" spec="~2.0" args=["mongodb","~2.0"]
23 verbose parsed url { protocol: null,
23 verbose parsed url   slashes: null,
23 verbose parsed url   auth: null,
23 verbose parsed url   host: null,
23 verbose parsed url   port: null,
23 verbose parsed url   hostname: null,
23 verbose parsed url   hash: null,
23 verbose parsed url   search: null,
23 verbose parsed url   query: null,
23 verbose parsed url   pathname: '~2.0',
23 verbose parsed url   path: '~2.0',
23 verbose parsed url   href: '~2.0' }
24 verbose addNamed [ 'mongodb', '~2.0' ]
25 verbose addNamed [ null, '>=2.0.0-0 <2.1.0-0' ]
26 verbose cache add [ 'static-favicon@~1.0.0', null ]
27 verbose cache add name=undefined spec="static-favicon@~1.0.0" args=["static-favicon@~1.0.0",null]
28 verbose parsed url { protocol: null,
28 verbose parsed url   slashes: null,
28 verbose parsed url   auth: null,
28 verbose parsed url   host: null,
28 verbose parsed url   port: null,
28 verbose parsed url   hostname: null,
28 verbose parsed url   hash: null,
28 verbose parsed url   search: null,
28 verbose parsed url   query: null,
28 verbose parsed url   pathname: 'static-favicon@~1.0.0',
28 verbose parsed url   path: 'static-favicon@~1.0.0',
28 verbose parsed url   href: 'static-favicon@~1.0.0' }
29 verbose cache add name="cookie-parser" spec="~1.0.1" args=["cookie-parser","~1.0.1"]
30 verbose parsed url { protocol: null,
30 verbose parsed url   slashes: null,
30 verbose parsed url   auth: null,
30 verbose parsed url   host: null,
30 verbose parsed url   port: null,
30 verbose parsed url   hostname: null,
30 verbose parsed url   hash: null,
30 verbose parsed url   search: null,
30 verbose parsed url   query: null,
30 verbose parsed url   pathname: '~1.0.1',
30 verbose parsed url   path: '~1.0.1',
30 verbose parsed url   href: '~1.0.1' }
31 verbose addNamed [ 'cookie-parser', '~1.0.1' ]
32 verbose addNamed [ null, '>=1.0.1-0 <1.1.0-0' ]
33 silly lockFile 8ad1ad64-express express@*
34 verbose lock express@* /home/goofyahead/.npm/8ad1ad64-express.lock
35 silly lockFile 2bb21fcf-mongodb-2-0 mongodb@~2.0
36 verbose lock mongodb@~2.0 /home/goofyahead/.npm/2bb21fcf-mongodb-2-0.lock
37 silly lockFile 8e5bf42e-cookie-parser-1-0-1 cookie-parser@~1.0.1
38 verbose lock cookie-parser@~1.0.1 /home/goofyahead/.npm/8e5bf42e-cookie-parser-1-0-1.lock
39 verbose cache add name="static-favicon" spec="~1.0.0" args=["static-favicon","~1.0.0"]
40 verbose parsed url { protocol: null,
40 verbose parsed url   slashes: null,
40 verbose parsed url   auth: null,
40 verbose parsed url   host: null,
40 verbose parsed url   port: null,
40 verbose parsed url   hostname: null,
40 verbose parsed url   hash: null,
40 verbose parsed url   search: null,
40 verbose parsed url   query: null,
40 verbose parsed url   pathname: '~1.0.0',
40 verbose parsed url   path: '~1.0.0',
40 verbose parsed url   href: '~1.0.0' }
41 verbose addNamed [ 'static-favicon', '~1.0.0' ]
42 verbose addNamed [ null, '>=1.0.0-0 <1.1.0-0' ]
43 silly lockFile 934b2baf-static-favicon-1-0-0 static-favicon@~1.0.0
44 verbose lock static-favicon@~1.0.0 /home/goofyahead/.npm/934b2baf-static-favicon-1-0-0.lock
45 verbose cache add [ 'body-parser@~1.0.0', null ]
46 verbose cache add name=undefined spec="body-parser@~1.0.0" args=["body-parser@~1.0.0",null]
47 verbose parsed url { protocol: null,
47 verbose parsed url   slashes: null,
47 verbose parsed url   auth: null,
47 verbose parsed url   host: null,
47 verbose parsed url   port: null,
47 verbose parsed url   hostname: null,
47 verbose parsed url   hash: null,
47 verbose parsed url   search: null,
47 verbose parsed url   query: null,
47 verbose parsed url   pathname: 'body-parser@~1.0.0',
47 verbose parsed url   path: 'body-parser@~1.0.0',
47 verbose parsed url   href: 'body-parser@~1.0.0' }
48 verbose cache add name="body-parser" spec="~1.0.0" args=["body-parser","~1.0.0"]
49 verbose parsed url { protocol: null,
49 verbose parsed url   slashes: null,
49 verbose parsed url   auth: null,
49 verbose parsed url   host: null,
49 verbose parsed url   port: null,
49 verbose parsed url   hostname: null,
49 verbose parsed url   hash: null,
49 verbose parsed url   search: null,
49 verbose parsed url   query: null,
49 verbose parsed url   pathname: '~1.0.0',
49 verbose parsed url   path: '~1.0.0',
49 verbose parsed url   href: '~1.0.0' }
50 verbose addNamed [ 'body-parser', '~1.0.0' ]
51 verbose addNamed [ null, '>=1.0.0-0 <1.1.0-0' ]
52 silly lockFile 9ca6d1f0-body-parser-1-0-0 body-parser@~1.0.0
53 verbose lock body-parser@~1.0.0 /home/goofyahead/.npm/9ca6d1f0-body-parser-1-0-0.lock
54 silly addNameRange { name: 'express', range: '*', hasData: false }
55 verbose cache add [ 'connect-multiparty@*', null ]
56 verbose cache add name=undefined spec="connect-multiparty@*" args=["connect-multiparty@*",null]
57 verbose parsed url { protocol: null,
57 verbose parsed url   slashes: null,
57 verbose parsed url   auth: null,
57 verbose parsed url   host: null,
57 verbose parsed url   port: null,
57 verbose parsed url   hostname: null,
57 verbose parsed url   hash: null,
57 verbose parsed url   search: null,
57 verbose parsed url   query: null,
57 verbose parsed url   pathname: 'connect-multiparty@*',
57 verbose parsed url   path: 'connect-multiparty@*',
57 verbose parsed url   href: 'connect-multiparty@*' }
58 verbose cache add [ 'underscore@*', null ]
59 verbose cache add name=undefined spec="underscore@*" args=["underscore@*",null]
60 verbose parsed url { protocol: null,
60 verbose parsed url   slashes: null,
60 verbose parsed url   auth: null,
60 verbose parsed url   host: null,
60 verbose parsed url   port: null,
60 verbose parsed url   hostname: null,
60 verbose parsed url   hash: null,
60 verbose parsed url   search: null,
60 verbose parsed url   query: null,
60 verbose parsed url   pathname: 'underscore@*',
60 verbose parsed url   path: 'underscore@*',
60 verbose parsed url   href: 'underscore@*' }
61 silly addNameRange { name: 'mongodb', range: '>=2.0.0-0 <2.1.0-0', hasData: false }
62 verbose cache add name="connect-multiparty" spec="*" args=["connect-multiparty","*"]
63 verbose parsed url { protocol: null,
63 verbose parsed url   slashes: null,
63 verbose parsed url   auth: null,
63 verbose parsed url   host: null,
63 verbose parsed url   port: null,
63 verbose parsed url   hostname: null,
63 verbose parsed url   hash: null,
63 verbose parsed url   search: null,
63 verbose parsed url   query: null,
63 verbose parsed url   pathname: '*',
63 verbose parsed url   path: '*',
63 verbose parsed url   href: '*' }
64 verbose addNamed [ 'connect-multiparty', '*' ]
65 verbose addNamed [ null, '*' ]
66 silly lockFile 6773224c-connect-multiparty connect-multiparty@*
67 verbose lock connect-multiparty@* /home/goofyahead/.npm/6773224c-connect-multiparty.lock
68 verbose cache add name="underscore" spec="*" args=["underscore","*"]
69 verbose parsed url { protocol: null,
69 verbose parsed url   slashes: null,
69 verbose parsed url   auth: null,
69 verbose parsed url   host: null,
69 verbose parsed url   port: null,
69 verbose parsed url   hostname: null,
69 verbose parsed url   hash: null,
69 verbose parsed url   search: null,
69 verbose parsed url   query: null,
69 verbose parsed url   pathname: '*',
69 verbose parsed url   path: '*',
69 verbose parsed url   href: '*' }
70 verbose addNamed [ 'underscore', '*' ]
71 verbose addNamed [ null, '*' ]
72 silly lockFile 67e8a6a2-underscore underscore@*
73 verbose lock underscore@* /home/goofyahead/.npm/67e8a6a2-underscore.lock
74 silly addNameRange { name: 'cookie-parser',
74 silly addNameRange   range: '>=1.0.1-0 <1.1.0-0',
74 silly addNameRange   hasData: false }
75 silly addNameRange { name: 'static-favicon',
75 silly addNameRange   range: '>=1.0.0-0 <1.1.0-0',
75 silly addNameRange   hasData: false }
76 silly addNameRange { name: 'body-parser',
76 silly addNameRange   range: '>=1.0.0-0 <1.1.0-0',
76 silly addNameRange   hasData: false }
77 silly addNameRange { name: 'connect-multiparty', range: '*', hasData: false }
78 silly addNameRange { name: 'underscore', range: '*', hasData: false }
79 verbose request where is /static-favicon
80 verbose request registry https://registry.npmjs.org/
81 verbose request id 80278c8abed6affb
82 verbose url raw /static-favicon
83 verbose url resolving [ 'https://registry.npmjs.org/', './static-favicon' ]
84 verbose url resolved https://registry.npmjs.org/static-favicon
85 verbose request where is https://registry.npmjs.org/static-favicon
86 info trying registry request attempt 1 at 18:27:10
87 verbose etag "8C9DEZ32GKR0JFJJ1KUA2WFJX"
88 http GET https://registry.npmjs.org/static-favicon
89 verbose request where is /express
90 verbose request registry https://registry.npmjs.org/
91 verbose url raw /express
92 verbose url resolving [ 'https://registry.npmjs.org/', './express' ]
93 verbose url resolved https://registry.npmjs.org/express
94 verbose request where is https://registry.npmjs.org/express
95 info trying registry request attempt 1 at 18:27:10
96 verbose etag "2FC51P1V0H5UECCQ7JOD925MW"
97 http GET https://registry.npmjs.org/express
98 verbose request where is /cookie-parser
99 verbose request registry https://registry.npmjs.org/
100 verbose url raw /cookie-parser
101 verbose url resolving [ 'https://registry.npmjs.org/', './cookie-parser' ]
102 verbose url resolved https://registry.npmjs.org/cookie-parser
103 verbose request where is https://registry.npmjs.org/cookie-parser
104 info trying registry request attempt 1 at 18:27:10
105 verbose etag "DKDK261N3GFHSLNBUQG8ICXFU"
106 http GET https://registry.npmjs.org/cookie-parser
107 verbose request where is /mongodb
108 verbose request registry https://registry.npmjs.org/
109 verbose url raw /mongodb
110 verbose url resolving [ 'https://registry.npmjs.org/', './mongodb' ]
111 verbose url resolved https://registry.npmjs.org/mongodb
112 verbose request where is https://registry.npmjs.org/mongodb
113 info trying registry request attempt 1 at 18:27:10
114 verbose etag "47IAPFEA3KP6T3T5QRRI28E05"
115 http GET https://registry.npmjs.org/mongodb
116 verbose request where is /connect-multiparty
117 verbose request registry https://registry.npmjs.org/
118 verbose url raw /connect-multiparty
119 verbose url resolving [ 'https://registry.npmjs.org/', './connect-multiparty' ]
120 verbose url resolved https://registry.npmjs.org/connect-multiparty
121 verbose request where is https://registry.npmjs.org/connect-multiparty
122 info trying registry request attempt 1 at 18:27:10
123 verbose etag "AOFQ8BYGTCUVV9LZS128R2RBN"
124 http GET https://registry.npmjs.org/connect-multiparty
125 verbose request where is /body-parser
126 verbose request registry https://registry.npmjs.org/
127 verbose url raw /body-parser
128 verbose url resolving [ 'https://registry.npmjs.org/', './body-parser' ]
129 verbose url resolved https://registry.npmjs.org/body-parser
130 verbose request where is https://registry.npmjs.org/body-parser
131 info trying registry request attempt 1 at 18:27:10
132 verbose etag "7WXOIBXXDRW2HB7JWJQ61LVW4"
133 http GET https://registry.npmjs.org/body-parser
134 verbose request where is /underscore
135 verbose request registry https://registry.npmjs.org/
136 verbose url raw /underscore
137 verbose url resolving [ 'https://registry.npmjs.org/', './underscore' ]
138 verbose url resolved https://registry.npmjs.org/underscore
139 verbose request where is https://registry.npmjs.org/underscore
140 info trying registry request attempt 1 at 18:27:10
141 verbose etag "CVUBWYO6DNN77U6X6NT1N1M2A"
142 http GET https://registry.npmjs.org/underscore
143 http 304 https://registry.npmjs.org/static-favicon
144 silly registry.get cb [ 304,
144 silly registry.get   { date: 'Sat, 15 Aug 2015 16:27:10 GMT',
144 silly registry.get     via: '1.1 varnish',
144 silly registry.get     'cache-control': 'max-age=60',
144 silly registry.get     etag: '"8C9DEZ32GKR0JFJJ1KUA2WFJX"',
144 silly registry.get     age: '51',
144 silly registry.get     connection: 'keep-alive',
144 silly registry.get     'x-served-by': 'cache-fra1220-FRA',
144 silly registry.get     'x-cache': 'HIT',
144 silly registry.get     'x-cache-hits': '1',
144 silly registry.get     'x-timer': 'S1439656030.530659,VS0,VE0',
144 silly registry.get     vary: 'Accept' } ]
145 verbose etag https://registry.npmjs.org/static-favicon from cache
146 silly addNameRange number 2 { name: 'static-favicon',
146 silly addNameRange   range: '>=1.0.0-0 <1.1.0-0',
146 silly addNameRange   hasData: true }
147 silly addNameRange versions [ 'static-favicon',
147 silly addNameRange   [ '1.0.0', '1.0.1', '1.0.2', '2.0.0-alpha' ] ]
148 verbose addNamed [ 'static-favicon', '1.0.2' ]
149 verbose addNamed [ '1.0.2', '1.0.2' ]
150 silly lockFile d92031be-static-favicon-1-0-2 static-favicon@1.0.2
151 verbose lock static-favicon@1.0.2 /home/goofyahead/.npm/d92031be-static-favicon-1-0-2.lock
152 warn deprecated static-favicon@1.0.2: use serve-favicon module
153 silly lockFile d92031be-static-favicon-1-0-2 static-favicon@1.0.2
154 silly lockFile d92031be-static-favicon-1-0-2 static-favicon@1.0.2
155 silly lockFile 934b2baf-static-favicon-1-0-0 static-favicon@~1.0.0
156 silly lockFile 934b2baf-static-favicon-1-0-0 static-favicon@~1.0.0
157 http 200 https://registry.npmjs.org/cookie-parser
158 silly registry.get cb [ 200,
158 silly registry.get   { server: 'CouchDB/1.5.0 (Erlang OTP/R16B03)',
158 silly registry.get     etag: '"28PUCOTBLSN1TRBR34DKOHODD"',
158 silly registry.get     'content-type': 'application/json',
158 silly registry.get     'cache-control': 'max-age=60',
158 silly registry.get     'content-length': '17392',
158 silly registry.get     'accept-ranges': 'bytes',
158 silly registry.get     date: 'Sat, 15 Aug 2015 16:27:10 GMT',
158 silly registry.get     via: '1.1 varnish',
158 silly registry.get     age: '0',
158 silly registry.get     connection: 'keep-alive',
158 silly registry.get     'x-served-by': 'cache-fra1224-FRA',
158 silly registry.get     'x-cache': 'HIT',
158 silly registry.get     'x-cache-hits': '1',
158 silly registry.get     'x-timer': 'S1439656030.514696,VS0,VE182',
158 silly registry.get     vary: 'Accept' } ]
159 silly addNameRange number 2 { name: 'cookie-parser',
159 silly addNameRange   range: '>=1.0.1-0 <1.1.0-0',
159 silly addNameRange   hasData: true }
160 silly addNameRange versions [ 'cookie-parser',
160 silly addNameRange   [ '1.0.0',
160 silly addNameRange     '1.0.1',
160 silly addNameRange     '1.1.0',
160 silly addNameRange     '1.2.0',
160 silly addNameRange     '1.3.0',
160 silly addNameRange     '1.3.1',
160 silly addNameRange     '1.3.2',
160 silly addNameRange     '1.3.3',
160 silly addNameRange     '1.3.4',
160 silly addNameRange     '1.3.5' ] ]
161 verbose addNamed [ 'cookie-parser', '1.0.1' ]
162 verbose addNamed [ '1.0.1', '1.0.1' ]
163 silly lockFile 8d245ba8-cookie-parser-1-0-1 cookie-parser@1.0.1
164 verbose lock cookie-parser@1.0.1 /home/goofyahead/.npm/8d245ba8-cookie-parser-1-0-1.lock
165 silly lockFile 8d245ba8-cookie-parser-1-0-1 cookie-parser@1.0.1
166 silly lockFile 8d245ba8-cookie-parser-1-0-1 cookie-parser@1.0.1
167 silly lockFile 8e5bf42e-cookie-parser-1-0-1 cookie-parser@~1.0.1
168 silly lockFile 8e5bf42e-cookie-parser-1-0-1 cookie-parser@~1.0.1
169 http 200 https://registry.npmjs.org/body-parser
170 silly registry.get cb [ 200,
170 silly registry.get   { server: 'CouchDB/1.5.0 (Erlang OTP/R16B03)',
170 silly registry.get     etag: '"ERX21HFQWIYTG07P2NVKDF7VH"',
170 silly registry.get     'content-type': 'application/json',
170 silly registry.get     'cache-control': 'max-age=60',
170 silly registry.get     'content-length': '105971',
170 silly registry.get     'accept-ranges': 'bytes',
170 silly registry.get     date: 'Sat, 15 Aug 2015 16:27:10 GMT',
170 silly registry.get     via: '1.1 varnish',
170 silly registry.get     age: '21',
170 silly registry.get     connection: 'keep-alive',
170 silly registry.get     'x-served-by': 'cache-fra1220-FRA',
170 silly registry.get     'x-cache': 'HIT',
170 silly registry.get     'x-cache-hits': '1',
170 silly registry.get     'x-timer': 'S1439656030.579062,VS0,VE0',
170 silly registry.get     vary: 'Accept' } ]
171 silly addNameRange number 2 { name: 'body-parser',
171 silly addNameRange   range: '>=1.0.0-0 <1.1.0-0',
171 silly addNameRange   hasData: true }
172 silly addNameRange versions [ 'body-parser',
172 silly addNameRange   [ '1.0.0',
172 silly addNameRange     '1.0.1',
172 silly addNameRange     '1.0.2',
172 silly addNameRange     '1.1.0',
172 silly addNameRange     '1.1.1',
172 silly addNameRange     '1.1.2',
172 silly addNameRange     '1.2.0',
172 silly addNameRange     '1.2.1',
172 silly addNameRange     '1.2.2',
172 silly addNameRange     '1.3.0',
172 silly addNameRange     '1.3.1',
172 silly addNameRange     '1.4.0',
172 silly addNameRange     '1.4.1',
172 silly addNameRange     '1.4.2',
172 silly addNameRange     '1.4.3',
172 silly addNameRange     '1.5.0',
172 silly addNameRange     '1.5.1',
172 silly addNameRange     '1.5.2',
172 silly addNameRange     '1.6.0',
172 silly addNameRange     '1.6.1',
172 silly addNameRange     '1.6.2',
172 silly addNameRange     '1.6.3',
172 silly addNameRange     '1.6.4',
172 silly addNameRange     '1.6.5',
172 silly addNameRange     '1.6.6',
172 silly addNameRange     '1.6.7',
172 silly addNameRange     '1.7.0',
172 silly addNameRange     '1.8.0',
172 silly addNameRange     '1.8.1',
172 silly addNameRange     '1.8.2',
172 silly addNameRange     '1.8.3',
172 silly addNameRange     '1.8.4',
172 silly addNameRange     '1.9.0',
172 silly addNameRange     '1.9.1',
172 silly addNameRange     '1.9.2',
172 silly addNameRange     '1.9.3',
172 silly addNameRange     '1.10.0',
172 silly addNameRange     '1.10.1',
172 silly addNameRange     '1.10.2',
172 silly addNameRange     '1.11.0',
172 silly addNameRange     '1.12.0',
172 silly addNameRange     '1.12.1',
172 silly addNameRange     '1.12.2',
172 silly addNameRange     '1.12.3',
172 silly addNameRange     '1.12.4',
172 silly addNameRange     '1.13.0',
172 silly addNameRange     '1.13.1',
172 silly addNameRange     '1.13.2',
172 silly addNameRange     '1.13.3' ] ]
173 verbose addNamed [ 'body-parser', '1.0.2' ]
174 verbose addNamed [ '1.0.2', '1.0.2' ]
175 silly lockFile bc6ccf3b-body-parser-1-0-2 body-parser@1.0.2
176 verbose lock body-parser@1.0.2 /home/goofyahead/.npm/bc6ccf3b-body-parser-1-0-2.lock
177 silly lockFile bc6ccf3b-body-parser-1-0-2 body-parser@1.0.2
178 silly lockFile bc6ccf3b-body-parser-1-0-2 body-parser@1.0.2
179 silly lockFile 9ca6d1f0-body-parser-1-0-0 body-parser@~1.0.0
180 silly lockFile 9ca6d1f0-body-parser-1-0-0 body-parser@~1.0.0
181 http 200 https://registry.npmjs.org/underscore
182 silly registry.get cb [ 200,
182 silly registry.get   { server: 'CouchDB/1.5.0 (Erlang OTP/R16B03)',
182 silly registry.get     etag: '"BKTEHJB5MYNFB1Z9AMJGOYBXE"',
182 silly registry.get     'content-type': 'application/json',
182 silly registry.get     'cache-control': 'max-age=60',
182 silly registry.get     'content-length': '41023',
182 silly registry.get     'accept-ranges': 'bytes',
182 silly registry.get     date: 'Sat, 15 Aug 2015 16:27:10 GMT',
182 silly registry.get     via: '1.1 varnish',
182 silly registry.get     age: '23',
182 silly registry.get     connection: 'keep-alive',
182 silly registry.get     'x-served-by': 'cache-fra1224-FRA',
182 silly registry.get     'x-cache': 'HIT',
182 silly registry.get     'x-cache-hits': '1',
182 silly registry.get     'x-timer': 'S1439656030.770671,VS0,VE0',
182 silly registry.get     vary: 'Accept' } ]
183 silly addNameRange number 2 { name: 'underscore', range: '*', hasData: true }
184 silly addNameRange versions [ 'underscore',
184 silly addNameRange   [ '1.0.3',
184 silly addNameRange     '1.0.4',
184 silly addNameRange     '1.1.0',
184 silly addNameRange     '1.1.1',
184 silly addNameRange     '1.1.2',
184 silly addNameRange     '1.1.3',
184 silly addNameRange     '1.1.4',
184 silly addNameRange     '1.1.5',
184 silly addNameRange     '1.1.6',
184 silly addNameRange     '1.1.7',
184 silly addNameRange     '1.2.0',
184 silly addNameRange     '1.2.1',
184 silly addNameRange     '1.2.2',
184 silly addNameRange     '1.2.3',
184 silly addNameRange     '1.2.4',
184 silly addNameRange     '1.3.0',
184 silly addNameRange     '1.3.1',
184 silly addNameRange     '1.3.2',
184 silly addNameRange     '1.3.3',
184 silly addNameRange     '1.4.0',
184 silly addNameRange     '1.4.1',
184 silly addNameRange     '1.4.2',
184 silly addNameRange     '1.4.3',
184 silly addNameRange     '1.4.4',
184 silly addNameRange     '1.5.0',
184 silly addNameRange     '1.5.1',
184 silly addNameRange     '1.5.2',
184 silly addNameRange     '1.6.0',
184 silly addNameRange     '1.7.0',
184 silly addNameRange     '1.8.0',
184 silly addNameRange     '1.8.1',
184 silly addNameRange     '1.8.2',
184 silly addNameRange     '1.8.3' ] ]
185 verbose addNamed [ 'underscore', '1.8.3' ]
186 verbose addNamed [ '1.8.3', '1.8.3' ]
187 silly lockFile e5e32fca-underscore-1-8-3 underscore@1.8.3
188 verbose lock underscore@1.8.3 /home/goofyahead/.npm/e5e32fca-underscore-1-8-3.lock
189 silly lockFile e5e32fca-underscore-1-8-3 underscore@1.8.3
190 silly lockFile e5e32fca-underscore-1-8-3 underscore@1.8.3
191 silly lockFile 67e8a6a2-underscore underscore@*
192 silly lockFile 67e8a6a2-underscore underscore@*
193 http 200 https://registry.npmjs.org/mongodb
194 silly registry.get cb [ 200,
194 silly registry.get   { server: 'CouchDB/1.5.0 (Erlang OTP/R16B03)',
194 silly registry.get     etag: '"B2NH0EZTP6TNEUFTRPIIL0N9Q"',
194 silly registry.get     'content-type': 'application/json',
194 silly registry.get     'cache-control': 'max-age=60',
194 silly registry.get     'content-length': '474046',
194 silly registry.get     'accept-ranges': 'bytes',
194 silly registry.get     date: 'Sat, 15 Aug 2015 16:27:10 GMT',
194 silly registry.get     via: '1.1 varnish',
194 silly registry.get     age: '10',
194 silly registry.get     connection: 'keep-alive',
194 silly registry.get     'x-served-by': 'cache-fra1220-FRA',
194 silly registry.get     'x-cache': 'HIT',
194 silly registry.get     'x-cache-hits': '1',
194 silly registry.get     'x-timer': 'S1439656030.514112,VS0,VE2',
194 silly registry.get     vary: 'Accept' } ]
195 silly addNameRange number 2 { name: 'mongodb', range: '>=2.0.0-0 <2.1.0-0', hasData: true }
196 silly addNameRange versions [ 'mongodb',
196 silly addNameRange   [ '0.9.4',
196 silly addNameRange     '0.9.4-4',
196 silly addNameRange     '0.9.3',
196 silly addNameRange     '0.9.1',
196 silly addNameRange     '0.9.2',
196 silly addNameRange     '0.9.6-7',
196 silly addNameRange     '0.9.6-8',
196 silly addNameRange     '0.9.6-9',
196 silly addNameRange     '0.9.6-10',
196 silly addNameRange     '0.9.6-11',
196 silly addNameRange     '0.9.6-12',
196 silly addNameRange     '0.9.6-13',
196 silly addNameRange     '0.9.6-14',
196 silly addNameRange     '0.9.6-15',
196 silly addNameRange     '0.9.6-16',
196 silly addNameRange     '0.9.6-17',
196 silly addNameRange     '0.9.6-18',
196 silly addNameRange     '0.9.6-19',
196 silly addNameRange     '0.9.6-20',
196 silly addNameRange     '0.9.6-21',
196 silly addNameRange     '0.9.6-22',
196 silly addNameRange     '0.9.6-23',
196 silly addNameRange     '0.9.7',
196 silly addNameRange     '0.9.7-0',
196 silly addNameRange     '0.9.7-1',
196 silly addNameRange     '0.9.7-1.1',
196 silly addNameRange     '0.9.7-1.2',
196 silly addNameRange     '0.9.7-1.3',
196 silly addNameRange     '0.9.7-1.4',
196 silly addNameRange     '0.9.7-2',
196 silly addNameRange     '0.9.7-2-1',
196 silly addNameRange     '0.9.7-2-2',
196 silly addNameRange     '0.9.7-2-3',
196 silly addNameRange     '0.9.7-2-4',
196 silly addNameRange     '0.9.7-2-5',
196 silly addNameRange     '0.9.7-3',
196 silly addNameRange     '0.9.7-3-1',
196 silly addNameRange     '0.9.7-3-2',
196 silly addNameRange     '0.9.7-3-3',
196 silly addNameRange     '0.9.7-3-4',
196 silly addNameRange     '0.9.7-3-5',
196 silly addNameRange     '0.9.8',
196 silly addNameRange     '0.9.8-1',
196 silly addNameRange     '0.9.8-2',
196 silly addNameRange     '0.9.8-3',
196 silly addNameRange     '0.9.8-4',
196 silly addNameRange     '0.9.8-5',
196 silly addNameRange     '0.9.8-6',
196 silly addNameRange     '0.9.8-7',
196 silly addNameRange     '0.9.9',
196 silly addNameRange     '0.9.9-1',
196 silly addNameRange     '0.9.9-2',
196 silly addNameRange     '0.9.9-3',
196 silly addNameRange     '0.9.9-4',
196 silly addNameRange     '0.9.9-5',
196 silly addNameRange     '0.9.9-6',
196 silly addNameRange     '0.9.9-7',
196 silly addNameRange     '0.9.9-8',
196 silly addNameRange     '1.0.0',
196 silly addNameRange     '1.0.1',
196 silly addNameRange     '1.0.2',
196 silly addNameRange     '1.1.0-beta',
196 silly addNameRange     '1.1.0',
196 silly addNameRange     '1.1.1',
196 silly addNameRange     '1.1.2',
196 silly addNameRange     '1.1.3',
196 silly addNameRange     '1.1.4',
196 silly addNameRange     '1.1.5',
196 silly addNameRange     '1.1.6',
196 silly addNameRange     '1.1.7',
196 silly addNameRange     '1.1.8',
196 silly addNameRange     '1.1.9',
196 silly addNameRange     '1.1.10',
196 silly addNameRange     '1.1.11',
196 silly addNameRange     '1.2.0',
196 silly addNameRange     '1.2.1',
196 silly addNameRange     '1.2.2',
196 silly addNameRange     '1.2.3',
196 silly addNameRange     '1.2.4',
196 silly addNameRange     '1.2.5',
196 silly addNameRange     '1.2.6',
196 silly addNameRange     '1.2.7',
196 silly addNameRange     '1.2.8',
196 silly addNameRange     '1.2.9',
196 silly addNameRange     '1.2.10',
196 silly addNameRange     '1.2.11',
196 silly addNameRange     '1.2.12',
196 silly addNameRange     '1.2.13',
196 silly addNameRange     '1.2.14',
196 silly addNameRange     '1.3.0',
196 silly addNameRange     '1.3.1',
196 silly addNameRange     '1.3.2',
196 silly addNameRange     '1.3.3',
196 silly addNameRange     '1.3.4',
196 silly addNameRange     '1.3.5',
196 silly addNameRange     '1.3.6',
196 silly addNameRange     '1.3.7',
196 silly addNameRange     '1.3.8',
196 silly addNameRange     '1.3.9',
196 silly addNameRange     '1.3.10',
196 silly addNameRange     '1.3.11',
196 silly addNameRange     '1.3.12',
196 silly addNameRange     '1.3.14',
196 silly addNameRange     '1.3.15',
196 silly addNameRange     '1.3.17',
196 silly addNameRange     '1.3.18',
196 silly addNameRange     '1.3.19',
196 silly addNameRange     '1.4.0-rc2',
196 silly addNameRange     '1.3.20',
196 silly addNameRange     '1.4.0-rc3',
196 silly addNameRange     '1.3.21',
196 silly addNameRange     '1.3.22',
196 silly addNameRange     '1.3.23',
196 silly addNameRange     '1.4.0-rc4',
196 silly addNameRange     '1.4.0-rc5',
196 silly addNameRange     '1.4.0-rc6',
196 silly addNameRange     '1.4.0-rc7',
196 silly addNameRange     '1.4.0-rc8',
196 silly addNameRange     '1.4.0-rc9',
196 silly addNameRange     '1.4.0-rc10',
196 silly addNameRange     '1.4.0',
196 silly addNameRange     '1.4.1',
196 silly addNameRange     '1.4.2',
196 silly addNameRange     '1.4.3',
196 silly addNameRange     '1.4.4',
196 silly addNameRange     '1.4.5',
196 silly addNameRange     '1.4.6',
196 silly addNameRange     '1.4.7',
196 silly addNameRange     '1.4.8',
196 silly addNameRange     '1.4.9',
196 silly addNameRange     '1.4.10',
196 silly addNameRange     '2.0.0-alpha1',
196 silly addNameRange     '1.4.11',
196 silly addNameRange     '1.4.12',
196 silly addNameRange     '1.4.14',
196 silly addNameRange     '1.4.15',
196 silly addNameRange     '1.4.16',
196 silly addNameRange     '1.4.17',
196 silly addNameRange     '2.0.0-alpha2',
196 silly addNameRange     '1.4.18',
196 silly addNameRange     '2.0.0',
196 silly addNameRange     '2.0.1',
196 silly addNameRange     '2.0.2',
196 silly addNameRange     '1.4.19',
196 silly addNameRange     '2.0.3',
196 silly addNameRange     '2.0.4',
196 silly addNameRange     '2.0.5',
196 silly addNameRange     '2.0.6',
196 silly addNameRange     '1.4.20',
196 silly addNameRange     '1.4.22',
196 silly addNameRange     '2.0.7',
196 silly addNameRange     '2.0.8',
196 silly addNameRange     '2.0.9',
196 silly addNameRange     '1.4.23',
196 silly addNameRange     '2.0.10',
196 silly addNameRange     '1.4.24',
196 silly addNameRange     '2.0.11',
196 silly addNameRange     '1.4.25',
196 silly addNameRange     '2.0.12',
196 silly addNameRange     '1.4.26',
196 silly addNameRange     '1.4.27',
196 silly addNameRange     '1.4.28',
196 silly addNameRange     '2.0.13',
196 silly addNameRange     '2.0.14',
196 silly addNameRange     '1.4.29',
196 silly addNameRange     '2.0.15',
196 silly addNameRange     '1.4.30',
196 silly addNameRange     '2.0.16',
196 silly addNameRange     '1.4.31',
196 silly addNameRange     '2.0.17',
196 silly addNameRange     '1.4.32',
196 silly addNameRange     '2.0.18',
196 silly addNameRange     '2.0.19',
196 silly addNameRange     '1.4.33',
196 silly addNameRange     '2.0.20',
196 silly addNameRange     '2.0.21',
196 silly addNameRange     '1.4.34',
196 silly addNameRange     '2.0.22',
196 silly addNameRange     '2.0.23',
196 silly addNameRange     '1.4.35',
196 silly addNameRange     '2.0.24',
196 silly addNameRange     '2.0.25',
196 silly addNameRange     '2.0.26',
196 silly addNameRange     '2.0.27',
196 silly addNameRange     '2.0.28',
196 silly addNameRange     '2.0.29',
196 silly addNameRange     '1.4.36',
196 silly addNameRange     '2.0.30',
196 silly addNameRange     '1.4.37',
196 silly addNameRange     '2.0.31',
196 silly addNameRange     '1.4.38',
196 silly addNameRange     '2.0.32',
196 silly addNameRange     '2.0.33',
196 silly addNameRange     '2.1.0-alpha',
196 silly addNameRange     '2.0.34',
196 silly addNameRange     '2.0.35',
196 silly addNameRange     '2.0.36',
196 silly addNameRange     '2.0.37',
196 silly addNameRange     '2.0.38',
196 silly addNameRange     '2.0.39',
196 silly addNameRange     '1.4.39',
196 silly addNameRange     '2.0.40',
196 silly addNameRange     '2.0.41' ] ]
197 verbose addNamed [ 'mongodb', '2.0.41' ]
198 verbose addNamed [ '2.0.41', '2.0.41' ]
199 silly lockFile 99dbe79c-mongodb-2-0-41 mongodb@2.0.41
200 verbose lock mongodb@2.0.41 /home/goofyahead/.npm/99dbe79c-mongodb-2-0-41.lock
201 silly lockFile efa31d17-s-org-mongodb-mongodb-2-0-41-tgz https://registry.npmjs.org/mongodb/-/mongodb-2.0.41.tgz
202 verbose lock https://registry.npmjs.org/mongodb/-/mongodb-2.0.41.tgz /home/goofyahead/.npm/efa31d17-s-org-mongodb-mongodb-2-0-41-tgz.lock
203 verbose addRemoteTarball [ 'https://registry.npmjs.org/mongodb/-/mongodb-2.0.41.tgz',
203 verbose addRemoteTarball   'f545a0d59df77cdfa94e9654838ba2dc1d9b93d7' ]
204 info retry fetch attempt 1 at 18:27:10
205 verbose fetch to= /tmp/npm-4541-0yD1qcUS/registry.npmjs.org/mongodb/-/mongodb-2.0.41.tgz
206 http 200 https://registry.npmjs.org/express
207 silly registry.get cb [ 200,
207 silly registry.get   { server: 'CouchDB/1.5.0 (Erlang OTP/R16B03)',
207 silly registry.get     etag: '"5RPOEZW5CKB62KZJFFNEMIOGU"',
207 silly registry.get     'content-type': 'application/json',
207 silly registry.get     'cache-control': 'max-age=60',
207 silly registry.get     'content-length': '525930',
207 silly registry.get     'accept-ranges': 'bytes',
207 silly registry.get     date: 'Sat, 15 Aug 2015 16:27:10 GMT',
207 silly registry.get     via: '1.1 varnish',
207 silly registry.get     age: '30',
207 silly registry.get     connection: 'keep-alive',
207 silly registry.get     'x-served-by': 'cache-fra1234-FRA',
207 silly registry.get     'x-cache': 'HIT',
207 silly registry.get     'x-cache-hits': '1',
207 silly registry.get     'x-timer': 'S1439656030.507682,VS0,VE6',
207 silly registry.get     vary: 'Accept' } ]
208 http GET https://registry.npmjs.org/mongodb/-/mongodb-2.0.41.tgz
209 silly addNameRange number 2 { name: 'express', range: '*', hasData: true }
210 silly addNameRange versions [ 'express',
210 silly addNameRange   [ '0.14.0',
210 silly addNameRange     '0.14.1',
210 silly addNameRange     '1.0.0',
210 silly addNameRange     '1.0.1',
210 silly addNameRange     '1.0.2',
210 silly addNameRange     '1.0.3',
210 silly addNameRange     '1.0.4',
210 silly addNameRange     '1.0.5',
210 silly addNameRange     '1.0.6',
210 silly addNameRange     '1.0.7',
210 silly addNameRange     '1.0.8',
210 silly addNameRange     '2.0.0',
210 silly addNameRange     '2.1.0',
210 silly addNameRange     '2.1.1',
210 silly addNameRange     '2.2.0',
210 silly addNameRange     '2.2.1',
210 silly addNameRange     '2.2.2',
210 silly addNameRange     '2.3.0',
210 silly addNameRange     '2.3.1',
210 silly addNameRange     '2.3.2',
210 silly addNameRange     '2.3.3',
210 silly addNameRange     '2.3.4',
210 silly addNameRange     '2.3.5',
210 silly addNameRange     '2.3.6',
210 silly addNameRange     '2.3.7',
210 silly addNameRange     '2.3.8',
210 silly addNameRange     '2.3.9',
210 silly addNameRange     '2.3.10',
210 silly addNameRange     '2.3.11',
210 silly addNameRange     '2.3.12',
210 silly addNameRange     '2.4.0',
210 silly addNameRange     '2.4.1',
210 silly addNameRange     '2.4.2',
210 silly addNameRange     '2.4.3',
210 silly addNameRange     '2.4.4',
210 silly addNameRange     '2.4.5',
210 silly addNameRange     '2.4.6',
210 silly addNameRange     '2.4.7',
210 silly addNameRange     '2.5.0',
210 silly addNameRange     '2.5.1',
210 silly addNameRange     '2.5.2',
210 silly addNameRange     '2.5.3',
210 silly addNameRange     '2.5.4',
210 silly addNameRange     '2.5.5',
210 silly addNameRange     '2.5.6',
210 silly addNameRange     '2.5.7',
210 silly addNameRange     '2.5.8',
210 silly addNameRange     '2.5.9',
210 silly addNameRange     '2.5.10',
210 silly addNameRange     '2.5.11',
210 silly addNameRange     '3.0.0',
210 silly addNameRange     '3.0.1',
210 silly addNameRange     '3.0.2',
210 silly addNameRange     '3.0.3',
210 silly addNameRange     '3.0.4',
210 silly addNameRange     '3.0.5',
210 silly addNameRange     '3.0.6',
210 silly addNameRange     '3.1.0',
210 silly addNameRange     '3.1.1',
210 silly addNameRange     '3.1.2',
210 silly addNameRange     '3.2.0',
210 silly addNameRange     '3.2.1',
210 silly addNameRange     '3.2.2',
210 silly addNameRange     '3.2.3',
210 silly addNameRange     '3.2.4',
210 silly addNameRange     '3.2.5',
210 silly addNameRange     '3.2.6',
210 silly addNameRange     '3.3.0',
210 silly addNameRange     '3.3.1',
210 silly addNameRange     '3.3.2',
210 silly addNameRange     '3.3.3',
210 silly addNameRange     '3.3.4',
210 silly addNameRange     '3.3.5',
210 silly addNameRange     '3.3.6',
210 silly addNameRange     '1.0.0-beta',
210 silly addNameRange     '1.0.0-beta2',
210 silly addNameRange     '1.0.0-rc',
210 silly addNameRange     '1.0.0-rc2',
210 silly addNameRange     '1.0.0-rc3',
210 silly addNameRange     '1.0.0-rc4',
210 silly addNameRange     '2.0.0-beta',
210 silly addNameRange     '2.0.0-beta2',
210 silly addNameRange     '2.0.0-beta3',
210 silly addNameRange     '2.0.0-rc',
210 silly addNameRange     '2.0.0-rc2',
210 silly addNameRange     '2.0.0-rc3',
210 silly addNameRange     '3.0.0-alpha1',
210 silly addNameRange     '3.0.0-alpha2',
210 silly addNameRange     '3.0.0-alpha3',
210 silly addNameRange     '3.0.0-alpha4',
210 silly addNameRange     '3.0.0-alpha5',
210 silly addNameRange     '3.0.0-beta1',
210 silly addNameRange     '3.0.0-beta2',
210 silly addNameRange     '3.0.0-beta3',
210 silly addNameRange     '3.0.0-beta4',
210 silly addNameRange     '3.0.0-beta6',
210 silly addNameRange     '3.0.0-beta7',
210 silly addNameRange     '3.0.0-rc1',
210 silly addNameRange     '3.0.0-rc2',
210 silly addNameRange     '3.0.0-rc3',
210 silly addNameRange     '3.0.0-rc4',
210 silly addNameRange     '3.0.0-rc5',
210 silly addNameRange     '3.3.7',
210 silly addNameRange     '3.3.8',
210 silly addNameRange     '3.4.0',
210 silly addNameRange     '3.4.1',
210 silly addNameRange     '3.4.2',
210 silly addNameRange     '3.4.3',
210 silly addNameRange     '3.4.4',
210 silly addNameRange     '3.4.5',
210 silly addNameRange     '3.4.6',
210 silly addNameRange     '3.4.7',
210 silly addNameRange     '3.4.8',
210 silly addNameRange     '4.0.0-rc1',
210 silly addNameRange     '4.0.0-rc2',
210 silly addNameRange     '3.5.0',
210 silly addNameRange     '4.0.0-rc3',
210 silly addNameRange     '4.0.0-rc4',
210 silly addNameRange     '3.5.1',
210 silly addNameRange     '4.0.0',
210 silly addNameRange     '3.5.2',
210 silly addNameRange     '4.1.0',
210 silly addNameRange     '4.1.1',
210 silly addNameRange     '3.5.3',
210 silly addNameRange     '4.1.2',
210 silly addNameRange     '3.6.0',
210 silly addNameRange     '4.2.0',
210 silly addNameRange     '3.7.0',
210 silly addNameRange     '3.8.0',
210 silly addNameRange     '4.3.0',
210 silly addNameRange     '4.3.1',
210 silly addNameRange     '3.8.1',
210 silly addNameRange     '4.3.2',
210 silly addNameRange     '3.9.0',
210 silly addNameRange     '4.4.0',
210 silly addNameRange     '4.4.1',
210 silly addNameRange     '3.10.0',
210 silly addNameRange     '3.10.1',
210 silly addNameRange     '3.10.2',
210 silly addNameRange     '3.10.3',
210 silly addNameRange     '3.10.4',
210 silly addNameRange     '4.4.2',
210 silly addNameRange     '3.10.5',
210 silly addNameRange     '4.4.3',
210 silly addNameRange     '3.11.0',
210 silly addNameRange     '4.4.4',
210 silly addNameRange     '3.12.0',
210 silly addNameRange     '3.12.1',
210 silly addNameRange     '4.4.5',
210 silly addNameRange     '3.13.0',
210 silly addNameRange     '4.5.0',
210 silly addNameRange     '4.5.1',
210 silly addNameRange     '3.14.0',
210 silly addNameRange     '4.6.0',
210 silly addNameRange     '4.6.1',
210 silly addNameRange     '3.15.0',
210 silly addNameRange     '4.7.0',
210 silly addNameRange     '3.15.1',
210 silly addNameRange     '4.7.1',
210 silly addNameRange     '3.15.2',
210 silly addNameRange     '4.7.2',
210 silly addNameRange     '4.7.3',
210 silly addNameRange     '3.15.3',
210 silly addNameRange     '4.7.4',
210 silly addNameRange     '3.16.0',
210 silly addNameRange     '4.8.0',
210 silly addNameRange     '3.16.1',
210 silly addNameRange     '4.8.1',
210 silly addNameRange     '3.16.2',
210 silly addNameRange     '4.8.2',
210 silly addNameRange     '3.16.3',
210 silly addNameRange     '3.16.4',
210 silly addNameRange     '4.8.3',
210 silly addNameRange     '3.16.5',
210 silly addNameRange     '3.16.6',
210 silly addNameRange     '4.8.4',
210 silly addNameRange     '3.16.7',
210 silly addNameRange     '4.8.5',
210 silly addNameRange     '3.16.8',
210 silly addNameRange     '4.8.6',
210 silly addNameRange     '3.16.9',
210 silly addNameRange     '4.8.7',
210 silly addNameRange     '3.16.10',
210 silly addNameRange     '4.8.8',
210 silly addNameRange     '3.17.0',
210 silly addNameRange     '3.17.1',
210 silly addNameRange     '4.9.0',
210 silly addNameRange     '3.17.2',
210 silly addNameRange     '4.9.1',
210 silly addNameRange     '4.9.2',
210 silly addNameRange     '3.17.3',
210 silly addNameRange     '4.9.3',
210 silly addNameRange     '3.17.4',
210 silly addNameRange     '4.9.4',
210 silly addNameRange     '3.17.5',
210 silly addNameRange     '4.9.5',
210 silly addNameRange     '3.17.6',
210 silly addNameRange     '3.17.7',
210 silly addNameRange     '4.9.6',
210 silly addNameRange     '4.9.7',
210 silly addNameRange     '3.17.8',
210 silly addNameRange     '4.9.8',
210 silly addNameRange     '3.18.0',
210 silly addNameRange     '3.18.1',
210 silly addNameRange     '4.10.0',
210 silly addNameRange     '3.18.2',
210 silly addNameRange     '4.10.1',
210 silly addNameRange     '5.0.0-alpha.1',
210 silly addNameRange     '3.18.3',
210 silly addNameRange     '4.10.2',
210 silly addNameRange     '3.18.4',
210 silly addNameRange     '4.10.3',
210 silly addNameRange     '4.10.4',
210 silly addNameRange     '4.10.5',
210 silly addNameRange     '3.18.5',
210 silly addNameRange     '3.18.6',
210 silly addNameRange     '4.10.6',
210 silly addNameRange     '4.10.7',
210 silly addNameRange     '3.19.0',
210 silly addNameRange     '4.10.8',
210 silly addNameRange     '4.11.0',
210 silly addNameRange     '3.19.1',
210 silly addNameRange     '4.11.1',
210 silly addNameRange     '3.19.2',
210 silly addNameRange     '4.11.2',
210 silly addNameRange     '3.20.0',
210 silly addNameRange     '4.12.0',
210 silly addNameRange     '3.20.1',
210 silly addNameRange     '4.12.1',
210 silly addNameRange     '4.12.2',
210 silly addNameRange     '3.20.2',
210 silly addNameRange     '4.12.3',
210 silly addNameRange     '3.20.3',
210 silly addNameRange     '4.12.4',
210 silly addNameRange     '3.21.0',
210 silly addNameRange     '4.13.0',
210 silly addNameRange     '3.21.1',
210 silly addNameRange     '4.13.1',
210 silly addNameRange     '5.0.0-alpha.2',
210 silly addNameRange     '3.21.2',
210 silly addNameRange     '4.13.2',
210 silly addNameRange     '4.13.3' ] ]
211 verbose addNamed [ 'express', '4.13.3' ]
212 verbose addNamed [ '4.13.3', '4.13.3' ]
213 silly lockFile 51f1744e-express-4-13-3 express@4.13.3
214 verbose lock express@4.13.3 /home/goofyahead/.npm/51f1744e-express-4-13-3.lock
215 silly lockFile 51f1744e-express-4-13-3 express@4.13.3
216 silly lockFile 51f1744e-express-4-13-3 express@4.13.3
217 silly lockFile 8ad1ad64-express express@*
218 silly lockFile 8ad1ad64-express express@*
219 http 200 https://registry.npmjs.org/connect-multiparty
220 silly registry.get cb [ 200,
220 silly registry.get   { server: 'CouchDB/1.5.0 (Erlang OTP/R16B03)',
220 silly registry.get     etag: '"CXPE69FNLDI3F0MND1BOBFB2G"',
220 silly registry.get     'content-type': 'application/json',
220 silly registry.get     'cache-control': 'max-age=60',
220 silly registry.get     'content-length': '21228',
220 silly registry.get     'accept-ranges': 'bytes',
220 silly registry.get     date: 'Sat, 15 Aug 2015 16:27:10 GMT',
220 silly registry.get     via: '1.1 varnish',
220 silly registry.get     age: '0',
220 silly registry.get     connection: 'keep-alive',
220 silly registry.get     'x-served-by': 'cache-fra1223-FRA',
220 silly registry.get     'x-cache': 'HIT',
220 silly registry.get     'x-cache-hits': '1',
220 silly registry.get     'x-timer': 'S1439656030.838765,VS0,VE100',
220 silly registry.get     vary: 'Accept' } ]
221 silly addNameRange number 2 { name: 'connect-multiparty', range: '*', hasData: true }
222 silly addNameRange versions [ 'connect-multiparty',
222 silly addNameRange   [ '0.1.0',
222 silly addNameRange     '0.1.1',
222 silly addNameRange     '1.0.0',
222 silly addNameRange     '1.0.1',
222 silly addNameRange     '1.0.2',
222 silly addNameRange     '1.0.3',
222 silly addNameRange     '1.0.4',
222 silly addNameRange     '1.0.5',
222 silly addNameRange     '1.0.6',
222 silly addNameRange     '1.1.0',
222 silly addNameRange     '1.2.0',
222 silly addNameRange     '1.2.1',
222 silly addNameRange     '1.2.2',
222 silly addNameRange     '1.2.3',
222 silly addNameRange     '1.2.4',
222 silly addNameRange     '1.2.5',
222 silly addNameRange     '2.0.0' ] ]
223 verbose addNamed [ 'connect-multiparty', '2.0.0' ]
224 verbose addNamed [ '2.0.0', '2.0.0' ]
225 silly lockFile beca9f40-connect-multiparty-2-0-0 connect-multiparty@2.0.0
226 verbose lock connect-multiparty@2.0.0 /home/goofyahead/.npm/beca9f40-connect-multiparty-2-0-0.lock
227 silly lockFile beca9f40-connect-multiparty-2-0-0 connect-multiparty@2.0.0
228 silly lockFile beca9f40-connect-multiparty-2-0-0 connect-multiparty@2.0.0
229 silly lockFile 6773224c-connect-multiparty connect-multiparty@*
230 silly lockFile 6773224c-connect-multiparty connect-multiparty@*
231 http 200 https://registry.npmjs.org/mongodb/-/mongodb-2.0.41.tgz
232 silly lockFile efa31d17-s-org-mongodb-mongodb-2-0-41-tgz https://registry.npmjs.org/mongodb/-/mongodb-2.0.41.tgz
233 silly lockFile efa31d17-s-org-mongodb-mongodb-2-0-41-tgz https://registry.npmjs.org/mongodb/-/mongodb-2.0.41.tgz
234 silly lockFile 99dbe79c-mongodb-2-0-41 mongodb@2.0.41
235 silly lockFile 99dbe79c-mongodb-2-0-41 mongodb@2.0.41
236 silly lockFile 2bb21fcf-mongodb-2-0 mongodb@~2.0
237 silly lockFile 2bb21fcf-mongodb-2-0 mongodb@~2.0
238 error Error: EACCES, mkdir '/home/goofyahead/.npm/mongodb/2.0.41'
238 error  { [Error: EACCES, mkdir '/home/goofyahead/.npm/mongodb/2.0.41']
238 error   errno: 3,
238 error   code: 'EACCES',
238 error   path: '/home/goofyahead/.npm/mongodb/2.0.41',
238 error   parent: 'ManagEat' }
239 error Please try running this command again as root/Administrator.
240 error System Linux 3.13.0-61-generic
241 error command "/usr/bin/node" "/usr/bin/npm" "install"
242 error cwd /home/goofyahead/github/KaprikaBackend
243 error node -v v0.10.40
244 error npm -v 1.4.28
245 error path /home/goofyahead/.npm/mongodb/2.0.41
246 error code EACCES
247 error errno 3
248 error stack Error: EACCES, mkdir '/home/goofyahead/.npm/mongodb/2.0.41'
249 verbose exit [ 3, true ]
